<?xml version="1.0" encoding="UTF-8"?>
<testng-results total="1" passed="1" failed="0" skipped="0">
  <reporter-output>
  </reporter-output>
  <suite started-at="2022-06-08T04:28:47Z" name="com.laptrinhjavaweb.testng.RoleTest" finished-at="2022-06-08T04:28:50Z" duration-ms="2803">
    <groups>
    </groups>
    <test started-at="2022-06-08T04:28:47Z" name="Command line test" finished-at="2022-06-08T04:28:50Z" duration-ms="2803">
      <class name="com.laptrinhjavaweb.testng.RoleTest">
        <test-method signature="CheckFindAll()[pri:0, instance:com.laptrinhjavaweb.testng.RoleTest@77f99a05]" started-at="2022-06-08T11:28:47Z" name="CheckFindAll" finished-at="2022-06-08T11:28:50Z" duration-ms="2793" status="PASS">
          <reporter-output>
          </reporter-output>
        </test-method> <!-- CheckFindAll -->
      </class> <!-- com.laptrinhjavaweb.testng.RoleTest -->
    </test> <!-- Command line test -->
  </suite> <!-- com.laptrinhjavaweb.testng.RoleTest -->
</testng-results>
